0 info it worked if it ends with ok
1 verbose cli [ '/usr/bin/nodejs', '/usr/bin/npm', 'start' ]
2 info using npm@1.2.18
3 info using node@v0.10.15
4 verbose read json /home/mmiteva/FMIRatings/WebUI/angular-app/package.json
5 verbose run-script [ 'prestart', 'start', 'poststart' ]
6 info prestart angular-seed@0.0.0
7 verbose unsafe-perm in lifecycle true
8 silly exec sh "-c" "npm install"
9 silly sh,-c,npm install,/home/mmiteva/FMIRatings/WebUI/angular-app spawning
10 info start angular-seed@0.0.0
11 verbose unsafe-perm in lifecycle true
12 silly exec sh "-c" "http-server -a localhost -p 8000 -c-1"
13 silly sh,-c,http-server -a localhost -p 8000 -c-1,/home/mmiteva/FMIRatings/WebUI/angular-app spawning
14 info angular-seed@0.0.0 Failed to exec start script
15 error angular-seed@0.0.0 start: `http-server -a localhost -p 8000 -c-1`
15 error `sh "-c" "http-server -a localhost -p 8000 -c-1"` failed with 8
16 error Failed at the angular-seed@0.0.0 start script.
16 error This is most likely a problem with the angular-seed package,
16 error not with npm itself.
16 error Tell the author that this fails on your system:
16 error     http-server -a localhost -p 8000 -c-1
16 error You can get their info via:
16 error     npm owner ls angular-seed
16 error There is likely additional logging output above.
17 error System Linux 3.11.0-11-generic
18 error command "/usr/bin/nodejs" "/usr/bin/npm" "start"
19 error cwd /home/mmiteva/FMIRatings/WebUI/angular-app
20 error node -v v0.10.15
21 error npm -v 1.2.18
22 error code ELIFECYCLE
23 verbose exit [ 1, true ]
